<?xml version="1.0" encoding="UTF-8"?>
<!-- Generated by org.testng.reporters.JUnitReportReporter -->
<testsuite hostname="DESKTOP-TQ4D1OL" failures="0" tests="1" name="com.azure.demo1.Test1" time="0.031" errors="0" timestamp="2022-12-28T16:49:56 IST" skipped="0">
  <testcase classname="com.azure.demo1.Test1" name="start" time="0.031"/>
  <system-out/>
</testsuite> <!-- com.azure.demo1.Test1 -->
