<?xml version="1.0" encoding="UTF-8"?>
<!-- Generated by org.testng.reporters.JUnitReportReporter -->
<testsuite hostname="DESKTOP-TQ4D1OL" failures="0" tests="1" name="com.azure.Tests.HomePageTest" time="4.295" errors="0" timestamp="2022-12-30T16:38:00 IST" skipped="0">
  <testcase classname="com.azure.Tests.HomePageTest" name="CheckProductaddedToCard" time="4.295"/>
  <system-out/>
</testsuite> <!-- com.azure.Tests.HomePageTest -->
