<?xml version="1.0" encoding="UTF-8"?>
<!-- Generated by org.testng.reporters.JUnitReportReporter -->
<testsuite hostname="DESKTOP-TQ4D1OL" failures="0" tests="1" name="com.azure.Tests.LoginPageTest" time="10.963" errors="0" timestamp="2022-12-30T16:38:00 IST" skipped="0">
  <testcase classname="com.azure.Tests.LoginPageTest" name="Login" time="10.963"/>
  <system-out/>
</testsuite> <!-- com.azure.Tests.LoginPageTest -->
