<?xml version="1.0" encoding="UTF-8"?>
<!-- Generated by org.testng.reporters.JUnitReportReporter -->
<testsuite hostname="DESKTOP-TQ4D1OL" failures="0" tests="1" name="com.azure.Tests.LoginPageTest" time="22.954" errors="0" timestamp="2022-12-29T17:29:19 IST" skipped="0">
  <testcase classname="com.azure.Tests.LoginPageTest" name="Login" time="22.954"/>
  <system-out/>
</testsuite> <!-- com.azure.Tests.LoginPageTest -->
