<?xml version="1.0" encoding="UTF-8"?>
<!-- Generated by org.testng.reporters.JUnitReportReporter -->
<testsuite hostname="DESKTOP-TQ4D1OL" failures="0" tests="1" name="com.azure.demo1.Test1" time="15.187" errors="0" timestamp="2022-12-28T17:36:19 IST" skipped="0">
  <testcase classname="com.azure.demo1.Test1" name="login" time="15.187"/>
  <system-out/>
</testsuite> <!-- com.azure.demo1.Test1 -->
